#
# A fatal error has been detected by the Java Runtime Environment:
#
#  EXCEPTION_ACCESS_VIOLATION (0xc0000005) at pc=0x00007ffda27f29a7, pid=1312, tid=0x00000000000020a8
#
# JRE version: Java(TM) SE Runtime Environment (8.0_171-b11) (build 1.8.0_171-b11)
# Java VM: Java HotSpot(TM) 64-Bit Server VM (25.171-b11 mixed mode windows-amd64 compressed oops)
# Problematic frame:
# C  [ig75icd64.dll+0xd29a7]
#
# Failed to write core dump. Minidumps are not enabled by default on client versions of Windows
#
# If you would like to submit a bug report, please visit:
#   http://bugreport.java.com/bugreport/crash.jsp
# The crash happened outside the Java Virtual Machine in native code.
# See problematic frame for where to report the bug.
#

---------------  T H R E A D  ---------------

Current thread (0x0000000002912800):  JavaThread "main" [_thread_in_native, id=8360, stack(0x00000000027a0000,0x00000000028a0000)]

siginfo: ExceptionCode=0xc0000005, reading address 0x000000001e727000

Registers:
RAX=0x00000000000003b3, RBX=0x000000000289eb90, RCX=0x0000000000000000, RDX=0x000000001e726fa0
RSP=0x000000000289eac0, RBP=0x000000000289ec20, RSI=0x000000001c884000, RDI=0x000000001c8a1980
R8 =0x000000000004aec0, R9 =0x000000000000095d, R10=0x00000000000003b3, R11=0x000000001a0b48f4
R12=0x0000000000000000, R13=0x000000001a0a0080, R14=0x000000000000008c, R15=0x000000000289ed00
RIP=0x00007ffda27f29a7, EFLAGS=0x0000000000010203

Top of Stack: (sp=0x000000000289eac0)
0x000000000289eac0:   0000000000000000 0000000000000000
0x000000000289ead0:   000000003ce0e0e1 0000000000000000
0x000000000289eae0:   000000001e7096a0 00007ffda2bbc9db
0x000000000289eaf0:   4000230040000180 0000000000000000
0x000000000289eb00:   000000001c884000 0000000000000000
0x000000000289eb10:   000000001c884000 00007ffda2bbdf98
0x000000000289eb20:   000000000289ec20 00000000000008c0
0x000000000289eb30:   00007ffda31830c0 00007ffda301d301
0x000000000289eb40:   000000000000004c 00007ffd00000001
0x000000000289eb50:   000000001e7096a0 0000000000aba4b0
0x000000000289eb60:   000000001a11ce70 000000000289ec80
0x000000000289eb70:   000000001a11ce70 0000000000000000
0x000000000289eb80:   0000000000000000 0000000000000000
0x000000000289eb90:   00007ffda2f0cb80 000000001a0a0080
0x000000000289eba0:   000000890000008c 0000004c00000000
0x000000000289ebb0:   000008c000000010 000000001e7096a0 

Instructions: (pc=0x00007ffda27f29a7)
0x00007ffda27f2987:   72 10 66 0f 6f 6a 20 41 ff c2 48 83 ef 80 41 8b
0x00007ffda27f2997:   c2 66 0f 6f 62 30 66 0f 6f 5a 40 66 0f 6f 52 50
0x00007ffda27f29a7:   66 0f 6f 4a 60 66 0f 6f 42 70 66 0f e7 7f 80 48
0x00007ffda27f29b7:   83 ea 80 66 0f e7 77 90 66 0f e7 6f a0 66 0f e7 


Register to memory mapping:

RAX=0x00000000000003b3 is an unknown value
RBX=0x000000000289eb90 is pointing into the stack for thread: 0x0000000002912800
RCX=0x0000000000000000 is an unknown value
RDX=0x000000001e726fa0 is an unknown value
RSP=0x000000000289eac0 is pointing into the stack for thread: 0x0000000002912800
RBP=0x000000000289ec20 is pointing into the stack for thread: 0x0000000002912800
RSI=0x000000001c884000 is an unknown value
RDI=0x000000001c8a1980 is an unknown value
R8 =0x000000000004aec0 is an unknown value
R9 =0x000000000000095d is an unknown value
R10=0x00000000000003b3 is an unknown value
R11=0x000000001a0b48f4 is an unknown value
R12=0x0000000000000000 is an unknown value
R13=0x000000001a0a0080 is an unknown value
R14=0x000000000000008c is an unknown value
R15=0x000000000289ed00 is pointing into the stack for thread: 0x0000000002912800


Stack: [0x00000000027a0000,0x00000000028a0000],  sp=0x000000000289eac0,  free space=1018k
Native frames: (J=compiled Java code, j=interpreted, Vv=VM code, C=native code)
C  [ig75icd64.dll+0xd29a7]
C  [ig75icd64.dll+0x49c9db]
C  [ig75icd64.dll+0x49df98]
C  [ig75icd64.dll+0x4a17e6]
C  [ig75icd64.dll+0x2f2fcf]
C  [ig75icd64.dll+0x2f2ce7]
C  [ig75icd64.dll+0x8d3ae]
C  [ig75icd64.dll+0x9605c]
C  [ig75icd64.dll+0x9f034]
C  [lwjgl_opengl.dll+0x11045]
C  0x0000000002a28c67

Java frames: (J=compiled Java code, j=interpreted, Vv=VM code)
j  org.lwjgl.opengl.GL11.nglTexImage2D(IIIIIIIIJ)V+0
j  org.lwjgl.opengl.GL11.glTexImage2D(IIIIIIIILjava/nio/ByteBuffer;)V+17
j  vgl.desktop.gl.DesktopGraphicsPlatform.glTexImage2D(IIIIIIIILvgl/core/buffers/MemoryBuffer;)V+33
j  vgl.core.gfx.gl.Texture.texImage2d(Lvgl/core/gfx/gl/Texture;Lvgl/core/gfx/Image;)V+111
j  vgl.core.gfx.gl.Texture.<init>(Lvgl/core/gfx/Image;)V+83
j  test.LayerTesting$App.init()V+37
j  vgl.desktop.VGLApplication.startApplication()V+8
j  test.LayerTesting.main([Ljava/lang/String;)V+46
v  ~StubRoutines::call_stub

---------------  P R O C E S S  ---------------

Java Threads: ( => current thread )
  0x000000001893f800 JavaThread "AWT-EventQueue-0" [_thread_blocked, id=6528, stack(0x00000000204c0000,0x00000000205c0000)]
  0x00000000184d9800 JavaThread "Image Fetcher 0" daemon [_thread_blocked, id=8464, stack(0x00000000203c0000,0x00000000204c0000)]
  0x0000000018685000 JavaThread "AWT-Windows" daemon [_thread_in_native, id=7116, stack(0x000000001f0e0000,0x000000001f1e0000)]
  0x0000000018825000 JavaThread "AWT-Shutdown" [_thread_blocked, id=10812, stack(0x000000001efe0000,0x000000001f0e0000)]
  0x000000001884d000 JavaThread "Java2D Disposer" daemon [_thread_blocked, id=3788, stack(0x000000001eee0000,0x000000001efe0000)]
  0x0000000017c2b000 JavaThread "Service Thread" daemon [_thread_blocked, id=1180, stack(0x0000000017ff0000,0x00000000180f0000)]
  0x00000000162c5000 JavaThread "C1 CompilerThread2" daemon [_thread_blocked, id=2280, stack(0x0000000017af0000,0x0000000017bf0000)]
  0x00000000162b4800 JavaThread "C2 CompilerThread1" daemon [_thread_blocked, id=3836, stack(0x00000000179f0000,0x0000000017af0000)]
  0x00000000162ab800 JavaThread "C2 CompilerThread0" daemon [_thread_blocked, id=508, stack(0x00000000178f0000,0x00000000179f0000)]
  0x00000000162b7000 JavaThread "Attach Listener" daemon [_thread_blocked, id=8180, stack(0x00000000177f0000,0x00000000178f0000)]
  0x00000000162b5800 JavaThread "Signal Dispatcher" daemon [_thread_blocked, id=11152, stack(0x00000000176f0000,0x00000000177f0000)]
  0x0000000002a0d000 JavaThread "Finalizer" daemon [_thread_blocked, id=10368, stack(0x0000000017500000,0x0000000017600000)]
  0x0000000002a01000 JavaThread "Reference Handler" daemon [_thread_blocked, id=7128, stack(0x0000000017400000,0x0000000017500000)]
=>0x0000000002912800 JavaThread "main" [_thread_in_native, id=8360, stack(0x00000000027a0000,0x00000000028a0000)]

Other Threads:
  0x0000000016277000 VMThread [stack: 0x0000000017300000,0x0000000017400000] [id=5840]
  0x0000000017c2c800 WatcherThread [stack: 0x00000000180f0000,0x00000000181f0000] [id=2972]

VM state:not at safepoint (normal execution)

VM Mutex/Monitor currently owned by a thread: None

Heap:
 PSYoungGen      total 28672K, used 22244K [0x00000000e0800000, 0x00000000e2800000, 0x0000000100000000)
  eden space 24576K, 90% used [0x00000000e0800000,0x00000000e1db90b8,0x00000000e2000000)
  from space 4096K, 0% used [0x00000000e2400000,0x00000000e2400000,0x00000000e2800000)
  to   space 4096K, 0% used [0x00000000e2000000,0x00000000e2000000,0x00000000e2400000)
 ParOldGen       total 65536K, used 0K [0x00000000a1800000, 0x00000000a5800000, 0x00000000e0800000)
  object space 65536K, 0% used [0x00000000a1800000,0x00000000a1800000,0x00000000a5800000)
 Metaspace       used 14251K, capacity 14537K, committed 14720K, reserved 1062912K
  class space    used 1531K, capacity 1638K, committed 1664K, reserved 1048576K

Card table byte_map: [0x0000000011dd0000,0x00000000120d0000] byte_map_base: 0x00000000118c4000

Marking Bits: (ParMarkBitMap*) 0x0000000051bf08c0
 Begin Bits: [0x00000000126d0000, 0x0000000013e70000)
 End Bits:   [0x0000000013e70000, 0x0000000015610000)

Polling page: 0x0000000000ee0000

CodeCache: size=245760Kb used=3517Kb max_used=3530Kb free=242242Kb
 bounds [0x0000000002a10000, 0x0000000002d90000, 0x0000000011a10000]
 total_blobs=1901 nmethods=927 adapters=887
 compilation: enabled

Compilation events (10 events):
Event: 2.143 Thread 0x00000000162c5000 nmethod 923 0x0000000002d7e950 code [0x0000000002d7eae0, 0x0000000002d7f198]
Event: 2.147 Thread 0x00000000162c5000  924       3       vgl.core.gfx.Image::getWidth (22 bytes)
Event: 2.147 Thread 0x00000000162c5000 nmethod 924 0x0000000002d7f2d0 code [0x0000000002d7f440, 0x0000000002d7f688]
Event: 2.147 Thread 0x00000000162c5000  925       3       vgl.core.gfx.Color::getRGBA (73 bytes)
Event: 2.148 Thread 0x00000000162c5000 nmethod 925 0x0000000002d7f750 code [0x0000000002d7f900, 0x0000000002d7fb50]
Event: 2.148 Thread 0x00000000162ab800  926       4       vgl.core.gfx.Color::getRGBA (73 bytes)
Event: 2.148 Thread 0x00000000162ab800 nmethod 926 0x0000000002d80910 code [0x0000000002d80a80, 0x0000000002d80b98]
Event: 2.148 Thread 0x00000000162ab800  927       4       vgl.core.gfx.Image::getWidth (22 bytes)
Event: 2.149 Thread 0x00000000162ab800 nmethod 927 0x0000000002d806d0 code [0x0000000002d80800, 0x0000000002d80878]
Event: 2.150 Thread 0x00000000162b4800 nmethod 920% 0x0000000002d7fcd0 code [0x0000000002d7fe20, 0x0000000002d804d8]

GC Heap History (0 events):
No events

Deoptimization events (6 events):
Event: 1.214 Thread 0x0000000002912800 Uncommon trap: reason=unstable_if action=reinterpret pc=0x0000000002ce1800 method=java.util.HashMap.hash(Ljava/lang/Object;)I @ 1
Event: 1.259 Thread 0x0000000002912800 Uncommon trap: reason=unstable_if action=reinterpret pc=0x0000000002d377c8 method=java.lang.AbstractStringBuilder.append(Ljava/lang/String;)Ljava/lang/AbstractStringBuilder; @ 1
Event: 1.260 Thread 0x0000000002912800 Uncommon trap: reason=unstable_if action=reinterpret pc=0x0000000002cafa04 method=java.lang.AbstractStringBuilder.append(Ljava/lang/String;)Ljava/lang/AbstractStringBuilder; @ 1
Event: 2.129 Thread 0x000000001893f800 Uncommon trap: reason=class_check action=maybe_recompile pc=0x0000000002b8ba60 method=java.lang.String.equals(Ljava/lang/Object;)Z @ 8
Event: 2.129 Thread 0x000000001893f800 Uncommon trap: reason=class_check action=maybe_recompile pc=0x0000000002b8ba60 method=java.lang.String.equals(Ljava/lang/Object;)Z @ 8
Event: 2.129 Thread 0x000000001893f800 Uncommon trap: reason=class_check action=maybe_recompile pc=0x0000000002b8ba60 method=java.lang.String.equals(Ljava/lang/Object;)Z @ 8

Classes redefined (0 events):
No events

Internal exceptions (10 events):
Event: 0.283 Thread 0x0000000002912800 Exception <a 'java/security/PrivilegedActionException'> (0x00000000e0bde7f8) thrown at [C:\re\workspace\8-2-build-windows-amd64-cygwin\jdk8u171\10807\hotspot\src\share\vm\prims\jvm.cpp, line 1435]
Event: 0.283 Thread 0x0000000002912800 Exception <a 'java/security/PrivilegedActionException'> (0x00000000e0be2468) thrown at [C:\re\workspace\8-2-build-windows-amd64-cygwin\jdk8u171\10807\hotspot\src\share\vm\prims\jvm.cpp, line 1435]
Event: 0.283 Thread 0x0000000002912800 Exception <a 'java/security/PrivilegedActionException'> (0x00000000e0be2678) thrown at [C:\re\workspace\8-2-build-windows-amd64-cygwin\jdk8u171\10807\hotspot\src\share\vm\prims\jvm.cpp, line 1435]
Event: 0.590 Thread 0x0000000002912800 Exception <a 'sun/nio/fs/WindowsException'> (0x00000000e0ea19f0) thrown at [C:\re\workspace\8-2-build-windows-amd64-cygwin\jdk8u171\10807\hotspot\src\share\vm\prims\jni.cpp, line 709]
Event: 0.591 Thread 0x0000000002912800 Exception <a 'sun/nio/fs/WindowsException'> (0x00000000e0ea21d8) thrown at [C:\re\workspace\8-2-build-windows-amd64-cygwin\jdk8u171\10807\hotspot\src\share\vm\prims\jni.cpp, line 709]
Event: 1.041 Thread 0x0000000002912800 Exception <a 'java/io/FileNotFoundException'> (0x00000000e14db220) thrown at [C:\re\workspace\8-2-build-windows-amd64-cygwin\jdk8u171\10807\hotspot\src\share\vm\prims\jni.cpp, line 709]
Event: 1.191 Thread 0x0000000002912800 Exception <a 'java/io/FileNotFoundException'> (0x00000000e18f8c38) thrown at [C:\re\workspace\8-2-build-windows-amd64-cygwin\jdk8u171\10807\hotspot\src\share\vm\prims\jni.cpp, line 709]
Event: 1.214 Thread 0x0000000002912800 Implicit null exception at 0x0000000002ce15d5 to 0x0000000002ce17f1
Event: 1.259 Thread 0x0000000002912800 Implicit null exception at 0x0000000002d37416 to 0x0000000002d377b1
Event: 1.260 Thread 0x0000000002912800 Implicit null exception at 0x0000000002caf656 to 0x0000000002caf9ed

Events (10 events):
Event: 2.133 loading class java/awt/Window$1DisposeAction
Event: 2.133 loading class java/awt/Window$1DisposeAction done
Event: 2.133 loading class java/awt/EventQueue$1AWTInvocationLock
Event: 2.133 loading class java/awt/EventQueue$1AWTInvocationLock done
Event: 2.134 loading class java/awt/LightweightDispatcher$2
Event: 2.134 loading class java/awt/LightweightDispatcher$2 done
Event: 2.135 loading class vgl/core/gfx/gl/Texture
Event: 2.135 loading class vgl/core/gfx/gl/Texture done
Event: 2.146 loading class vgl/platform/gl/GLTextureType
Event: 2.146 loading class vgl/platform/gl/GLTextureType done


Dynamic libraries:
0x00007ff623ad0000 - 0x00007ff623b07000 	C:\Program Files\Java\jre1.8.0_171\bin\javaw.exe
0x00007ffdd0510000 - 0x00007ffdd06f1000 	C:\WINDOWS\SYSTEM32\ntdll.dll
0x00007ffdd0130000 - 0x00007ffdd01e2000 	C:\WINDOWS\System32\KERNEL32.DLL
0x00007ffdcccd0000 - 0x00007ffdccf43000 	C:\WINDOWS\System32\KERNELBASE.dll
0x00007ffdce400000 - 0x00007ffdce4a1000 	C:\WINDOWS\System32\ADVAPI32.dll
0x00007ffdcf950000 - 0x00007ffdcf9ee000 	C:\WINDOWS\System32\msvcrt.dll
0x00007ffdcfec0000 - 0x00007ffdcff1b000 	C:\WINDOWS\System32\sechost.dll
0x00007ffdd0320000 - 0x00007ffdd0444000 	C:\WINDOWS\System32\RPCRT4.dll
0x00007ffdce090000 - 0x00007ffdce220000 	C:\WINDOWS\System32\USER32.dll
0x00007ffdccb30000 - 0x00007ffdccb50000 	C:\WINDOWS\System32\win32u.dll
0x00007ffdd04b0000 - 0x00007ffdd04d8000 	C:\WINDOWS\System32\GDI32.dll
0x00007ffdcc8e0000 - 0x00007ffdcca72000 	C:\WINDOWS\System32\gdi32full.dll
0x00007ffdccb50000 - 0x00007ffdccbef000 	C:\WINDOWS\System32\msvcp_win.dll
0x00007ffdcd850000 - 0x00007ffdcd94a000 	C:\WINDOWS\System32\ucrtbase.dll
0x00007ffdc3a40000 - 0x00007ffdc3ca9000 	C:\WINDOWS\WinSxS\amd64_microsoft.windows.common-controls_6595b64144ccf1df_6.0.17134.112_none_fb3f961b30681c12\COMCTL32.dll
0x00007ffdcdcb0000 - 0x00007ffdcdfd3000 	C:\WINDOWS\System32\combase.dll
0x00007ffdccbf0000 - 0x00007ffdccc6a000 	C:\WINDOWS\System32\bcryptPrimitives.dll
0x00007ffdce060000 - 0x00007ffdce08d000 	C:\WINDOWS\System32\IMM32.DLL
0x0000000052110000 - 0x00000000521e2000 	C:\Program Files\Java\jre1.8.0_171\bin\msvcr100.dll
0x00000000513d0000 - 0x0000000051c70000 	C:\Program Files\Java\jre1.8.0_171\bin\server\jvm.dll
0x00007ffdd02f0000 - 0x00007ffdd02f8000 	C:\WINDOWS\System32\PSAPI.DLL
0x00007ffdc79a0000 - 0x00007ffdc79aa000 	C:\WINDOWS\SYSTEM32\VERSION.dll
0x00007ffdc9540000 - 0x00007ffdc9563000 	C:\WINDOWS\SYSTEM32\WINMM.dll
0x00007ffdc8a00000 - 0x00007ffdc8a09000 	C:\WINDOWS\SYSTEM32\WSOCK32.dll
0x00007ffdcfe40000 - 0x00007ffdcfeac000 	C:\WINDOWS\System32\WS2_32.dll
0x00007ffdc9510000 - 0x00007ffdc953a000 	C:\WINDOWS\SYSTEM32\WINMMBASE.dll
0x00007ffdcd950000 - 0x00007ffdcd999000 	C:\WINDOWS\System32\cfgmgr32.dll
0x00000000522d0000 - 0x00000000522df000 	C:\Program Files\Java\jre1.8.0_171\bin\verify.dll
0x00000000522a0000 - 0x00000000522c9000 	C:\Program Files\Java\jre1.8.0_171\bin\java.dll
0x0000000052280000 - 0x0000000052296000 	C:\Program Files\Java\jre1.8.0_171\bin\zip.dll
0x00007ffdce4b0000 - 0x00007ffdcf8f0000 	C:\WINDOWS\System32\SHELL32.dll
0x00007ffdcff20000 - 0x00007ffdcffc9000 	C:\WINDOWS\System32\shcore.dll
0x00007ffdcd140000 - 0x00007ffdcd84d000 	C:\WINDOWS\System32\windows.storage.dll
0x00007ffdd0450000 - 0x00007ffdd04a1000 	C:\WINDOWS\System32\shlwapi.dll
0x00007ffdcc8a0000 - 0x00007ffdcc8b1000 	C:\WINDOWS\System32\kernel.appcore.dll
0x00007ffdcc8c0000 - 0x00007ffdcc8df000 	C:\WINDOWS\System32\profapi.dll
0x00007ffdcc840000 - 0x00007ffdcc88c000 	C:\WINDOWS\System32\powrprof.dll
0x00007ffdcc890000 - 0x00007ffdcc89a000 	C:\WINDOWS\System32\FLTLIB.DLL
0x0000000052260000 - 0x000000005227a000 	C:\Program Files\Java\jre1.8.0_171\bin\net.dll
0x00007ffdcc0a0000 - 0x00007ffdcc106000 	C:\WINDOWS\system32\mswsock.dll
0x0000000052240000 - 0x0000000052251000 	C:\Program Files\Java\jre1.8.0_171\bin\nio.dll
0x00007ffdc3310000 - 0x00007ffdc3368000 	C:\Users\vladi\AppData\Local\Temp\lwjglvladi\3.1.4-SNAPSHOT\lwjgl.dll
0x00007ffdbbb70000 - 0x00007ffdbbbbd000 	C:\Users\vladi\AppData\Local\Temp\lwjglvladi\3.1.4-SNAPSHOT\glfw.dll
0x00007ffdcacb0000 - 0x00007ffdcad48000 	C:\WINDOWS\system32\uxtheme.dll
0x00007ffdb5ad0000 - 0x00007ffdb5b13000 	C:\WINDOWS\SYSTEM32\dinput8.dll
0x00007ffdc96f0000 - 0x00007ffdc9700000 	C:\WINDOWS\SYSTEM32\xinput1_4.dll
0x00007ffdcc630000 - 0x00007ffdcc657000 	C:\WINDOWS\SYSTEM32\DEVOBJ.dll
0x00007ffdcaf90000 - 0x00007ffdcafb9000 	C:\WINDOWS\SYSTEM32\dwmapi.dll
0x00007ffdc7e60000 - 0x00007ffdc7ed9000 	C:\WINDOWS\SYSTEM32\inputhost.dll
0x00007ffdc87b0000 - 0x00007ffdc88fd000 	C:\WINDOWS\SYSTEM32\wintypes.dll
0x00007ffdca640000 - 0x00007ffdca71a000 	C:\WINDOWS\SYSTEM32\CoreMessaging.dll
0x00007ffdc6b10000 - 0x00007ffdc6e2e000 	C:\WINDOWS\SYSTEM32\CoreUIComponents.dll
0x00007ffdcb910000 - 0x00007ffdcb941000 	C:\WINDOWS\SYSTEM32\ntmarta.dll
0x00007ffdce280000 - 0x00007ffdce3f5000 	C:\WINDOWS\System32\MSCTF.dll
0x00007ffdcdb40000 - 0x00007ffdcdc02000 	C:\WINDOWS\System32\OLEAUT32.dll
0x00007ffdcb530000 - 0x00007ffdcb53c000 	C:\WINDOWS\SYSTEM32\HID.DLL
0x00007ffdcf9f0000 - 0x00007ffdcfe3b000 	C:\WINDOWS\System32\SETUPAPI.DLL
0x00007ffdccc70000 - 0x00007ffdcccc7000 	C:\WINDOWS\System32\WINTRUST.dll
0x00007ffdcc820000 - 0x00007ffdcc832000 	C:\WINDOWS\System32\MSASN1.dll
0x00007ffdccf50000 - 0x00007ffdcd132000 	C:\WINDOWS\System32\CRYPT32.dll
0x00007ffdb42d0000 - 0x00007ffdb43f0000 	C:\WINDOWS\SYSTEM32\opengl32.dll
0x00007ffdb76f0000 - 0x00007ffdb771c000 	C:\WINDOWS\SYSTEM32\GLU32.dll
0x00007ffda2720000 - 0x00007ffda3267000 	C:\WINDOWS\SYSTEM32\ig75icd64.dll
0x00007ffdc3d60000 - 0x00007ffdc479f000 	C:\WINDOWS\SYSTEM32\igdusc64.dll
0x00007ffdc9350000 - 0x00007ffdc9363000 	C:\WINDOWS\SYSTEM32\WTSAPI32.dll
0x00007ffdcb5e0000 - 0x00007ffdcb69b000 	C:\WINDOWS\SYSTEM32\dxgi.dll
0x00007ffdc9bc0000 - 0x00007ffdc9ecb000 	C:\WINDOWS\SYSTEM32\d3d11.dll
0x00007ffdc4b40000 - 0x00007ffdc5a9e000 	C:\WINDOWS\SYSTEM32\igd10iumd64.dll
0x00007ffdcc380000 - 0x00007ffdcc3a5000 	C:\WINDOWS\SYSTEM32\bcrypt.dll
0x00007ffdcc350000 - 0x00007ffdcc376000 	C:\WINDOWS\SYSTEM32\ncrypt.dll
0x00007ffdcc310000 - 0x00007ffdcc346000 	C:\WINDOWS\SYSTEM32\NTASN1.dll
0x00007ffdc6290000 - 0x00007ffdc6328000 	C:\WINDOWS\System32\TextInputFramework.dll
0x00007ffdb5900000 - 0x00007ffdb595f000 	C:\Users\vladi\AppData\Local\Temp\lwjglvladi\3.1.4-SNAPSHOT\lwjgl_opengl.dll
0x0000000051230000 - 0x00000000513c8000 	C:\Program Files\Java\jre1.8.0_171\bin\awt.dll
0x00007ffdcab80000 - 0x00007ffdcac0b000 	C:\WINDOWS\SYSTEM32\apphelp.dll
0x00007ffdcffd0000 - 0x00007ffdd0121000 	C:\WINDOWS\System32\ole32.dll
0x00000000520c0000 - 0x0000000052107000 	C:\Program Files\Java\jre1.8.0_171\bin\fontmanager.dll
0x0000000052070000 - 0x00000000520b2000 	C:\Program Files\Java\jre1.8.0_171\bin\t2k.dll
0x00007ffdb9a90000 - 0x00007ffdb9c59000 	C:\WINDOWS\SYSTEM32\dbghelp.dll

VM Arguments:
jvm_args: -Djava.library.path=C:\Users\vladi\eclipse-workspace\VGL\src\vgl\natives -Dfile.encoding=Cp1252 
java_command: test.LayerTesting
java_class_path (initial): C:\Program Files\Java\jre1.8.0_171\lib\resources.jar;C:\Program Files\Java\jre1.8.0_171\lib\rt.jar;C:\Program Files\Java\jre1.8.0_171\lib\jsse.jar;C:\Program Files\Java\jre1.8.0_171\lib\jce.jar;C:\Program Files\Java\jre1.8.0_171\lib\charsets.jar;C:\Program Files\Java\jre1.8.0_171\lib\jfr.jar;C:\Program Files\Java\jre1.8.0_171\lib\ext\access-bridge-64.jar;C:\Program Files\Java\jre1.8.0_171\lib\ext\cldrdata.jar;C:\Program Files\Java\jre1.8.0_171\lib\ext\dnsns.jar;C:\Program Files\Java\jre1.8.0_171\lib\ext\jaccess.jar;C:\Program Files\Java\jre1.8.0_171\lib\ext\jfxrt.jar;C:\Program Files\Java\jre1.8.0_171\lib\ext\localedata.jar;C:\Program Files\Java\jre1.8.0_171\lib\ext\nashorn.jar;C:\Program Files\Java\jre1.8.0_171\lib\ext\sunec.jar;C:\Program Files\Java\jre1.8.0_171\lib\ext\sunjce_provider.jar;C:\Program Files\Java\jre1.8.0_171\lib\ext\sunmscapi.jar;C:\Program Files\Java\jre1.8.0_171\lib\ext\sunpkcs11.jar;C:\Program Files\Java\jre1.8.0_171\lib\ext\zipfs.jar;C:\Users\vladi\eclipse-workspace\VGL\bin;E:\Restored\webgl4j-0.2.9.jar;C:\libs\lwjgl\lwjgl.jar;C:\libs\lwjgl\lwjgl-bgfx.jar;C:\libs\lwjgl\lwjgl-bgfx-natives-windows.jar;C:\libs\lwjgl\lwjgl-glfw.jar;C:\libs\lwjgl\lwjgl-glfw-natives-windows.jar;C:\libs\lwjgl\lwjgl-jawt.jar;C:\libs\lwjgl\lwjgl-jemalloc.jar;C:\libs\lwjgl\lwjgl-jemalloc-natives-windows.jar;C:\libs\lwjgl\lwjgl-natives-windows.jar;C:\libs\lwjgl\lwjgl-openal.jar;C:\libs\lwjgl\lwjgl-openal-natives-windows.jar;C:\libs\lwjgl\lwjgl-opengl.jar;C:\libs\lwjgl\lwjgl-opengles.jar;C:\libs\lwjgl\lwjgl-opengles-natives-windows.jar;C:\libs\lwjgl\lwjgl-opengl-natives-windows.jar;C:\libs\lwjgl\lwjgl-stb.jar;C:\libs\lwjgl\lwjgl-stb-natives-windows.jar;C:\Eclipse\plugins\com.gwtplugins.gwt.eclipse.sdkbundle.gwt28_2.8.0.201710131939\gwt-2.8.1\gwt-user.jar;C:\Eclipse\plugins\com.gwtplugins.gwt.eclipse.sdkbundle.gwt28_2.8.0.201710131939\gwt-2.8.1\gwt-codeserver.jar;C:\Eclipse\plugins\com.gwtplugins.gwt.eclipse.sdkbundle.gwt28_2.8.0.201710131939\gw
Launcher Type: SUN_STANDARD

Environment Variables:
CLASSPATH=C:\Program Files\Java\jdk1.8.0_161\jre\lib
PATH=C:/Program Files/Java/jre1.8.0_171/bin/server;C:/Program Files/Java/jre1.8.0_171/bin;C:/Program Files/Java/jre1.8.0_171/lib/amd64;C:\Program Files (x86)\Common Files\Oracle\Java\javapath;C:\ProgramData\Oracle\Java\javapath;C:\Windows\system32;C:\Windows;C:\Windows\System32\Wbem;C:\Windows\System32\WindowsPowerShell\v1.0\;C:\Program Files (x86)\NVIDIA Corporation\PhysX\Common;C:\WINDOWS\system32;C:\WINDOWS;C:\WINDOWS\System32\Wbem;C:\WINDOWS\System32\WindowsPowerShell\v1.0\;C:\Program Files\Git\cmd;C:\WINDOWS\System32\OpenSSH\;C:\Users\vladi\AppData\Local\Microsoft\WindowsApps;C:\Program Files\Java\jdk1.8.0_161\bin;;C:\Users\vladi\AppData\Local\Programs\Fiddler;%USERPROFILE%\AppData\Local\Microsoft\WindowsApps;C:\Eclipse;
USERNAME=vladi
OS=Windows_NT
PROCESSOR_IDENTIFIER=Intel64 Family 6 Model 69 Stepping 1, GenuineIntel



---------------  S Y S T E M  ---------------

OS: Windows 10.0 , 64 bit Build 17134 (10.0.17134.1)

CPU:total 4 (initial active 4) (2 cores per cpu, 2 threads per core) family 6 model 69 stepping 1, cmov, cx8, fxsr, mmx, sse, sse2, sse3, ssse3, sse4.1, sse4.2, popcnt, avx, avx2, aes, clmul, erms, lzcnt, ht, tsc, tscinvbit, bmi1, bmi2

Memory: 4k page, physical 6185324k(1987124k free), swap 6201708k(1341108k free)

vm_info: Java HotSpot(TM) 64-Bit Server VM (25.171-b11) for windows-amd64 JRE (1.8.0_171-b11), built on Mar 28 2018 16:06:12 by "java_re" with MS VC++ 10.0 (VS2010)

time: Sat Jun 30 15:17:03 2018
elapsed time: 2 seconds (0d 0h 0m 2s)

