#
# A fatal error has been detected by the Java Runtime Environment:
#
#  EXCEPTION_ACCESS_VIOLATION (0xc0000005) at pc=0x00007ffdb38cf46d, pid=10440, tid=0x0000000000001564
#
# JRE version: Java(TM) SE Runtime Environment (8.0_171-b11) (build 1.8.0_171-b11)
# Java VM: Java HotSpot(TM) 64-Bit Server VM (25.171-b11 mixed mode windows-amd64 compressed oops)
# Problematic frame:
# C  [lwjgl_opengl.dll+0xf46d]
#
# Failed to write core dump. Minidumps are not enabled by default on client versions of Windows
#
# If you would like to submit a bug report, please visit:
#   http://bugreport.java.com/bugreport/crash.jsp
# The crash happened outside the Java Virtual Machine in native code.
# See problematic frame for where to report the bug.
#

---------------  T H R E A D  ---------------

Current thread (0x0000000018677000):  JavaThread "Thread-0" [_thread_in_native, id=5476, stack(0x000000001ec70000,0x000000001ed70000)]

siginfo: ExceptionCode=0xc0000005, reading address 0x0000000000000f58

Registers:
RAX=0x0000000051b74d50, RBX=0x0000000015eb0380, RCX=0x0000000000000001, RDX=0x00000000185b900c
RSP=0x000000001ed6ed58, RBP=0x000000001ed6ede0, RSI=0x00000000185b900c, RDI=0x00000001000ac118
R8 =0x0000000000000001, R9 =0x00000000185b900c, R10=0x0000000000000000, R11=0x00000000515fc460
R12=0x0000000000000000, R13=0x0000000015eb0380, R14=0x000000001ed6ee10, R15=0x0000000018677000
RIP=0x00007ffdb38cf46d, EFLAGS=0x0000000000010206

Top of Stack: (sp=0x000000001ed6ed58)
0x000000001ed6ed58:   0000000002a28c67 00000001000ac118
0x000000001ed6ed68:   0000000002a2899d 0000000018677000
0x000000001ed6ed78:   0000000015eb0380 00000000185b900c
0x000000001ed6ed88:   0000000018677000 000000001ed6ee88
0x000000001ed6ed98:   0000000002a28962 000000001ed6eda0
0x000000001ed6eda8:   0000000015eb0380 000000001ed6ee10
0x000000001ed6edb8:   0000000015ed5428 0000000000000000
0x000000001ed6edc8:   0000000015eb0380 0000000000000000
0x000000001ed6edd8:   000000001ed6ee00 000000001ed6ee58
0x000000001ed6ede8:   0000000002a1835d 00000000e0faa898
0x000000001ed6edf8:   0000000002a221d8 00000000185b900c
0x000000001ed6ee08:   00000000e19ab3c0 0000000000000001
0x000000001ed6ee18:   000000001ed6ee18 0000000015eb04f4
0x000000001ed6ee28:   000000001ed6ee88 0000000015ed5428
0x000000001ed6ee38:   0000000000000000 0000000015eb0560
0x000000001ed6ee48:   000000001ed6ee00 000000001ed6ee90 

Instructions: (pc=0x00007ffdb38cf46d)
0x00007ffdb38cf44d:   00 41 8b c8 48 ff e0 cc cc cc cc cc cc cc cc cc
0x00007ffdb38cf45d:   cc cc cc 48 8b 01 49 8b d1 41 8b c8 4c 8b 50 18
0x00007ffdb38cf46d:   49 ff a2 58 0f 00 00 cc cc cc cc cc cc cc cc cc
0x00007ffdb38cf47d:   cc cc cc 48 8b 01 49 8b d1 41 8b c8 4c 8b 50 18 


Register to memory mapping:

RAX=0x0000000051b74d50 is an unknown value
RBX={method} {0x0000000015eb0388} 'nglGenTextures' '(IJ)V' in 'org/lwjgl/opengl/GL11'
RCX=0x0000000000000001 is an unknown value
RDX=0x00000000185b900c is an unknown value
RSP=0x000000001ed6ed58 is pointing into the stack for thread: 0x0000000018677000
RBP=0x000000001ed6ede0 is pointing into the stack for thread: 0x0000000018677000
RSI=0x00000000185b900c is an unknown value
RDI=0x00000001000ac118 is pointing into metadata
R8 =0x0000000000000001 is an unknown value
R9 =0x00000000185b900c is an unknown value
R10=0x0000000000000000 is an unknown value
R11=0x00000000515fc460 is an unknown value
R12=0x0000000000000000 is an unknown value
R13={method} {0x0000000015eb0388} 'nglGenTextures' '(IJ)V' in 'org/lwjgl/opengl/GL11'
R14=0x000000001ed6ee10 is pointing into the stack for thread: 0x0000000018677000
R15=0x0000000018677000 is a thread


Stack: [0x000000001ec70000,0x000000001ed70000],  sp=0x000000001ed6ed58,  free space=1019k
Native frames: (J=compiled Java code, j=interpreted, Vv=VM code, C=native code)
C  [lwjgl_opengl.dll+0xf46d]

Java frames: (J=compiled Java code, j=interpreted, Vv=VM code)
j  org.lwjgl.opengl.GL11.nglGenTextures(IJ)V+0
j  org.lwjgl.opengl.GL11.glGenTextures()I+20
j  vgl.desktop.gl.DesktopGraphicsPlatform.glGenTexture()I+0
j  vgl.core.gfx.gl.Texture.<init>(Lvgl/core/gfx/Image;)V+24
j  vgl.desktop.tools.DesktopResourceLoader.lambda$3(Ljava/lang/String;Lvgl/tools/functional/callback/TernaryCallback;)V+23
j  vgl.desktop.tools.DesktopResourceLoader$$Lambda$23.run()V+12
j  java.lang.Thread.run()V+11
v  ~StubRoutines::call_stub

---------------  P R O C E S S  ---------------

Java Threads: ( => current thread )
  0x00000000185ca800 JavaThread "Java2D Disposer" daemon [_thread_blocked, id=856, stack(0x000000001f0b0000,0x000000001f1b0000)]
=>0x0000000018677000 JavaThread "Thread-0" [_thread_in_native, id=5476, stack(0x000000001ec70000,0x000000001ed70000)]
  0x0000000017c5a800 JavaThread "Service Thread" daemon [_thread_blocked, id=10708, stack(0x0000000018020000,0x0000000018120000)]
  0x00000000162c3000 JavaThread "C1 CompilerThread2" daemon [_thread_in_native, id=4808, stack(0x0000000017b20000,0x0000000017c20000)]
  0x00000000162b8000 JavaThread "C2 CompilerThread1" daemon [_thread_blocked, id=6028, stack(0x0000000017a20000,0x0000000017b20000)]
  0x00000000162ad800 JavaThread "C2 CompilerThread0" daemon [_thread_blocked, id=4328, stack(0x0000000017920000,0x0000000017a20000)]
  0x00000000162ac000 JavaThread "Attach Listener" daemon [_thread_blocked, id=7112, stack(0x0000000017820000,0x0000000017920000)]
  0x00000000162aa800 JavaThread "Signal Dispatcher" daemon [_thread_blocked, id=7240, stack(0x0000000017720000,0x0000000017820000)]
  0x0000000002a0c000 JavaThread "Finalizer" daemon [_thread_blocked, id=1972, stack(0x0000000017530000,0x0000000017630000)]
  0x0000000002a01000 JavaThread "Reference Handler" daemon [_thread_blocked, id=1964, stack(0x0000000017430000,0x0000000017530000)]
  0x0000000002912800 JavaThread "main" [_thread_in_vm, id=9376, stack(0x0000000002800000,0x0000000002900000)]

Other Threads:
  0x0000000016278000 VMThread [stack: 0x0000000017330000,0x0000000017430000] [id=1892]
  0x0000000017c5d000 WatcherThread [stack: 0x0000000018120000,0x0000000018220000] [id=7632]

VM state:not at safepoint (normal execution)

VM Mutex/Monitor currently owned by a thread: None

Heap:
 PSYoungGen      total 28672K, used 18159K [0x00000000e0800000, 0x00000000e2800000, 0x0000000100000000)
  eden space 24576K, 73% used [0x00000000e0800000,0x00000000e19bbf78,0x00000000e2000000)
  from space 4096K, 0% used [0x00000000e2400000,0x00000000e2400000,0x00000000e2800000)
  to   space 4096K, 0% used [0x00000000e2000000,0x00000000e2000000,0x00000000e2400000)
 ParOldGen       total 65536K, used 0K [0x00000000a1800000, 0x00000000a5800000, 0x00000000e0800000)
  object space 65536K, 0% used [0x00000000a1800000,0x00000000a1800000,0x00000000a5800000)
 Metaspace       used 9953K, capacity 10205K, committed 10368K, reserved 1058816K
  class space    used 948K, capacity 1051K, committed 1152K, reserved 1048576K

Card table byte_map: [0x0000000011dd0000,0x00000000120d0000] byte_map_base: 0x00000000118c4000

Marking Bits: (ParMarkBitMap*) 0x0000000051bf08c0
 Begin Bits: [0x00000000126d0000, 0x0000000013e70000)
 End Bits:   [0x0000000013e70000, 0x0000000015610000)

Polling page: 0x0000000000fa0000

CodeCache: size=245760Kb used=3127Kb max_used=3132Kb free=242632Kb
 bounds [0x0000000002a10000, 0x0000000002d30000, 0x0000000011a10000]
 total_blobs=1574 nmethods=735 adapters=752
 compilation: enabled

Compilation events (10 events):
Event: 1.070 Thread 0x00000000162ad800 nmethod 730 0x0000000002d0d550 code [0x0000000002d0d6a0, 0x0000000002d0d878]
Event: 1.070 Thread 0x00000000162ad800  726       4       vgl.core.gfx.Color::checkIllegalColor (282 bytes)
Event: 1.071 Thread 0x00000000162ad800 nmethod 726 0x0000000002d0ecd0 code [0x0000000002d0ee40, 0x0000000002d0f0b8]
Event: 1.071 Thread 0x00000000162ad800  723       4       java.awt.image.ComponentColorModel::getRGB (161 bytes)
Event: 1.074 Thread 0x00000000162b8000 nmethod 722 0x0000000002d1ac90 code [0x0000000002d1ae40, 0x0000000002d1b508]
Event: 1.074 Thread 0x00000000162b8000  724       4       java.awt.image.ComponentColorModel::getAlpha (269 bytes)
Event: 1.079 Thread 0x00000000162b8000 nmethod 724 0x0000000002d18290 code [0x0000000002d18460, 0x0000000002d188b8]
Event: 1.079 Thread 0x00000000162b8000  732       4       vgl.desktop.DesktopMemoryBuffer::putInt (7 bytes)
Event: 1.079 Thread 0x00000000162ad800 nmethod 723 0x0000000002d1bfd0 code [0x0000000002d1c1c0, 0x0000000002d1c848]
Event: 1.079 Thread 0x00000000162ad800  727       4       vgl.core.gfx.Image::checkIfInRegion (63 bytes)

GC Heap History (0 events):
No events

Deoptimization events (0 events):
No events

Classes redefined (0 events):
No events

Internal exceptions (10 events):
Event: 0.203 Thread 0x0000000002912800 Exception <a 'java/lang/NoSuchFieldError': method resolution failed> (0x00000000e0a05c50) thrown at [C:\re\workspace\8-2-build-windows-amd64-cygwin\jdk8u171\10807\hotspot\src\share\vm\prims\methodHandles.cpp, line 1167]
Event: 0.206 Thread 0x0000000002912800 Exception <a 'java/lang/NoSuchFieldError': method resolution failed> (0x00000000e0a13050) thrown at [C:\re\workspace\8-2-build-windows-amd64-cygwin\jdk8u171\10807\hotspot\src\share\vm\prims\methodHandles.cpp, line 1167]
Event: 0.257 Thread 0x0000000002912800 Exception <a 'java/lang/NoSuchMethodError': java.lang.Object.lambda$static$0(Ljava/lang/String;)Ljava/lang/Boolean;> (0x00000000e0b14ca8) thrown at [C:\re\workspace\8-2-build-windows-amd64-cygwin\jdk8u171\10807\hotspot\src\share\vm\interpreter\linkResolve
Event: 0.298 Thread 0x0000000002912800 Exception <a 'java/security/PrivilegedActionException'> (0x00000000e0bdefa0) thrown at [C:\re\workspace\8-2-build-windows-amd64-cygwin\jdk8u171\10807\hotspot\src\share\vm\prims\jvm.cpp, line 1435]
Event: 0.298 Thread 0x0000000002912800 Exception <a 'java/security/PrivilegedActionException'> (0x00000000e0bdf1b0) thrown at [C:\re\workspace\8-2-build-windows-amd64-cygwin\jdk8u171\10807\hotspot\src\share\vm\prims\jvm.cpp, line 1435]
Event: 0.298 Thread 0x0000000002912800 Exception <a 'java/security/PrivilegedActionException'> (0x00000000e0be2e20) thrown at [C:\re\workspace\8-2-build-windows-amd64-cygwin\jdk8u171\10807\hotspot\src\share\vm\prims\jvm.cpp, line 1435]
Event: 0.298 Thread 0x0000000002912800 Exception <a 'java/security/PrivilegedActionException'> (0x00000000e0be3030) thrown at [C:\re\workspace\8-2-build-windows-amd64-cygwin\jdk8u171\10807\hotspot\src\share\vm\prims\jvm.cpp, line 1435]
Event: 0.564 Thread 0x0000000002912800 Exception <a 'sun/nio/fs/WindowsException'> (0x00000000e0ea2270) thrown at [C:\re\workspace\8-2-build-windows-amd64-cygwin\jdk8u171\10807\hotspot\src\share\vm\prims\jni.cpp, line 709]
Event: 0.564 Thread 0x0000000002912800 Exception <a 'sun/nio/fs/WindowsException'> (0x00000000e0ea2a58) thrown at [C:\re\workspace\8-2-build-windows-amd64-cygwin\jdk8u171\10807\hotspot\src\share\vm\prims\jni.cpp, line 709]
Event: 0.984 Thread 0x0000000018677000 Exception <a 'java/io/FileNotFoundException'> (0x00000000e159a358) thrown at [C:\re\workspace\8-2-build-windows-amd64-cygwin\jdk8u171\10807\hotspot\src\share\vm\prims\jni.cpp, line 709]

Events (10 events):
Event: 1.043 loading class vgl/core/gfx/Image$Format
Event: 1.043 loading class vgl/core/gfx/Image$Format done
Event: 1.045 loading class vgl/core/buffers/MemoryBufferInt
Event: 1.045 loading class vgl/core/buffers/MemoryBufferInt done
Event: 1.045 loading class vgl/core/buffers/TypedBuffer
Event: 1.045 loading class vgl/core/buffers/TypedBuffer done
Event: 1.046 loading class vgl/core/exception/VGLMemoryException
Event: 1.046 loading class vgl/core/exception/VGLMemoryException done
Event: 1.047 loading class org/lwjgl/system/libc/LibCString
Event: 1.047 loading class org/lwjgl/system/libc/LibCString done


Dynamic libraries:
0x00007ff623ad0000 - 0x00007ff623b07000 	C:\Program Files\Java\jre1.8.0_171\bin\javaw.exe
0x00007ffdd0510000 - 0x00007ffdd06f1000 	C:\WINDOWS\SYSTEM32\ntdll.dll
0x00007ffdd0130000 - 0x00007ffdd01e2000 	C:\WINDOWS\System32\KERNEL32.DLL
0x00007ffdcccd0000 - 0x00007ffdccf43000 	C:\WINDOWS\System32\KERNELBASE.dll
0x00007ffdce400000 - 0x00007ffdce4a1000 	C:\WINDOWS\System32\ADVAPI32.dll
0x00007ffdcf950000 - 0x00007ffdcf9ee000 	C:\WINDOWS\System32\msvcrt.dll
0x00007ffdcfec0000 - 0x00007ffdcff1b000 	C:\WINDOWS\System32\sechost.dll
0x00007ffdd0320000 - 0x00007ffdd0444000 	C:\WINDOWS\System32\RPCRT4.dll
0x00007ffdce090000 - 0x00007ffdce220000 	C:\WINDOWS\System32\USER32.dll
0x00007ffdccb30000 - 0x00007ffdccb50000 	C:\WINDOWS\System32\win32u.dll
0x00007ffdd04b0000 - 0x00007ffdd04d8000 	C:\WINDOWS\System32\GDI32.dll
0x00007ffdcc8e0000 - 0x00007ffdcca72000 	C:\WINDOWS\System32\gdi32full.dll
0x00007ffdccb50000 - 0x00007ffdccbef000 	C:\WINDOWS\System32\msvcp_win.dll
0x00007ffdcd850000 - 0x00007ffdcd94a000 	C:\WINDOWS\System32\ucrtbase.dll
0x00007ffdc3a40000 - 0x00007ffdc3ca9000 	C:\WINDOWS\WinSxS\amd64_microsoft.windows.common-controls_6595b64144ccf1df_6.0.17134.112_none_fb3f961b30681c12\COMCTL32.dll
0x00007ffdcdcb0000 - 0x00007ffdcdfd3000 	C:\WINDOWS\System32\combase.dll
0x00007ffdccbf0000 - 0x00007ffdccc6a000 	C:\WINDOWS\System32\bcryptPrimitives.dll
0x00007ffdce060000 - 0x00007ffdce08d000 	C:\WINDOWS\System32\IMM32.DLL
0x0000000052110000 - 0x00000000521e2000 	C:\Program Files\Java\jre1.8.0_171\bin\msvcr100.dll
0x00000000513d0000 - 0x0000000051c70000 	C:\Program Files\Java\jre1.8.0_171\bin\server\jvm.dll
0x00007ffdd02f0000 - 0x00007ffdd02f8000 	C:\WINDOWS\System32\PSAPI.DLL
0x00007ffdc79a0000 - 0x00007ffdc79aa000 	C:\WINDOWS\SYSTEM32\VERSION.dll
0x00007ffdc9540000 - 0x00007ffdc9563000 	C:\WINDOWS\SYSTEM32\WINMM.dll
0x00007ffdc8a00000 - 0x00007ffdc8a09000 	C:\WINDOWS\SYSTEM32\WSOCK32.dll
0x00007ffdcfe40000 - 0x00007ffdcfeac000 	C:\WINDOWS\System32\WS2_32.dll
0x00007ffdc9510000 - 0x00007ffdc953a000 	C:\WINDOWS\SYSTEM32\WINMMBASE.dll
0x00007ffdcd950000 - 0x00007ffdcd999000 	C:\WINDOWS\System32\cfgmgr32.dll
0x00000000522d0000 - 0x00000000522df000 	C:\Program Files\Java\jre1.8.0_171\bin\verify.dll
0x00000000522a0000 - 0x00000000522c9000 	C:\Program Files\Java\jre1.8.0_171\bin\java.dll
0x0000000052280000 - 0x0000000052296000 	C:\Program Files\Java\jre1.8.0_171\bin\zip.dll
0x00007ffdce4b0000 - 0x00007ffdcf8f0000 	C:\WINDOWS\System32\SHELL32.dll
0x00007ffdcff20000 - 0x00007ffdcffc9000 	C:\WINDOWS\System32\shcore.dll
0x00007ffdcd140000 - 0x00007ffdcd84d000 	C:\WINDOWS\System32\windows.storage.dll
0x00007ffdd0450000 - 0x00007ffdd04a1000 	C:\WINDOWS\System32\shlwapi.dll
0x00007ffdcc8a0000 - 0x00007ffdcc8b1000 	C:\WINDOWS\System32\kernel.appcore.dll
0x00007ffdcc8c0000 - 0x00007ffdcc8df000 	C:\WINDOWS\System32\profapi.dll
0x00007ffdcc840000 - 0x00007ffdcc88c000 	C:\WINDOWS\System32\powrprof.dll
0x00007ffdcc890000 - 0x00007ffdcc89a000 	C:\WINDOWS\System32\FLTLIB.DLL
0x0000000052260000 - 0x000000005227a000 	C:\Program Files\Java\jre1.8.0_171\bin\net.dll
0x00007ffdcc0a0000 - 0x00007ffdcc106000 	C:\WINDOWS\system32\mswsock.dll
0x0000000052240000 - 0x0000000052251000 	C:\Program Files\Java\jre1.8.0_171\bin\nio.dll
0x00007ffdb5900000 - 0x00007ffdb5958000 	C:\Users\vladi\AppData\Local\Temp\lwjglvladi\3.1.4-SNAPSHOT\lwjgl.dll
0x00007ffdb58b0000 - 0x00007ffdb58fd000 	C:\Users\vladi\AppData\Local\Temp\lwjglvladi\3.1.4-SNAPSHOT\glfw.dll
0x00007ffdcacb0000 - 0x00007ffdcad48000 	C:\WINDOWS\system32\uxtheme.dll
0x00007ffdb3bf0000 - 0x00007ffdb3c33000 	C:\WINDOWS\SYSTEM32\dinput8.dll
0x00007ffdc63b0000 - 0x00007ffdc63c0000 	C:\WINDOWS\SYSTEM32\xinput1_4.dll
0x00007ffdcc630000 - 0x00007ffdcc657000 	C:\WINDOWS\SYSTEM32\DEVOBJ.dll
0x00007ffdcaf90000 - 0x00007ffdcafb9000 	C:\WINDOWS\SYSTEM32\dwmapi.dll
0x00007ffdc7e60000 - 0x00007ffdc7ed9000 	C:\WINDOWS\SYSTEM32\inputhost.dll
0x00007ffdc87b0000 - 0x00007ffdc88fd000 	C:\WINDOWS\SYSTEM32\wintypes.dll
0x00007ffdca640000 - 0x00007ffdca71a000 	C:\WINDOWS\SYSTEM32\CoreMessaging.dll
0x00007ffdc6b10000 - 0x00007ffdc6e2e000 	C:\WINDOWS\SYSTEM32\CoreUIComponents.dll
0x00007ffdcb910000 - 0x00007ffdcb941000 	C:\WINDOWS\SYSTEM32\ntmarta.dll
0x00007ffdce280000 - 0x00007ffdce3f5000 	C:\WINDOWS\System32\MSCTF.dll
0x00007ffdcdb40000 - 0x00007ffdcdc02000 	C:\WINDOWS\System32\OLEAUT32.dll
0x00007ffdcb530000 - 0x00007ffdcb53c000 	C:\WINDOWS\SYSTEM32\HID.DLL
0x00007ffdcf9f0000 - 0x00007ffdcfe3b000 	C:\WINDOWS\System32\SETUPAPI.DLL
0x00007ffdccc70000 - 0x00007ffdcccc7000 	C:\WINDOWS\System32\WINTRUST.dll
0x00007ffdcc820000 - 0x00007ffdcc832000 	C:\WINDOWS\System32\MSASN1.dll
0x00007ffdccf50000 - 0x00007ffdcd132000 	C:\WINDOWS\System32\CRYPT32.dll
0x00007ffdb42d0000 - 0x00007ffdb43f0000 	C:\WINDOWS\SYSTEM32\opengl32.dll
0x00007ffdb76f0000 - 0x00007ffdb771c000 	C:\WINDOWS\SYSTEM32\GLU32.dll
0x00007ffd99f50000 - 0x00007ffd9aa97000 	C:\WINDOWS\SYSTEM32\ig75icd64.dll
0x00007ffdc3d60000 - 0x00007ffdc479f000 	C:\WINDOWS\SYSTEM32\igdusc64.dll
0x00007ffdc9350000 - 0x00007ffdc9363000 	C:\WINDOWS\SYSTEM32\WTSAPI32.dll
0x00007ffdcb5e0000 - 0x00007ffdcb69b000 	C:\WINDOWS\SYSTEM32\dxgi.dll
0x00007ffdc9bc0000 - 0x00007ffdc9ecb000 	C:\WINDOWS\SYSTEM32\d3d11.dll
0x00007ffdc4b40000 - 0x00007ffdc5a9e000 	C:\WINDOWS\SYSTEM32\igd10iumd64.dll
0x00007ffdcc380000 - 0x00007ffdcc3a5000 	C:\WINDOWS\SYSTEM32\bcrypt.dll
0x00007ffdcc350000 - 0x00007ffdcc376000 	C:\WINDOWS\SYSTEM32\ncrypt.dll
0x00007ffdcc310000 - 0x00007ffdcc346000 	C:\WINDOWS\SYSTEM32\NTASN1.dll
0x00007ffdc6290000 - 0x00007ffdc6328000 	C:\WINDOWS\System32\TextInputFramework.dll
0x00007ffdb38c0000 - 0x00007ffdb391f000 	C:\Users\vladi\AppData\Local\Temp\lwjglvladi\3.1.4-SNAPSHOT\lwjgl_opengl.dll
0x0000000051230000 - 0x00000000513c8000 	C:\Program Files\Java\jre1.8.0_171\bin\awt.dll
0x00007ffdcab80000 - 0x00007ffdcac0b000 	C:\WINDOWS\SYSTEM32\apphelp.dll
0x00007ffdb9a90000 - 0x00007ffdb9c59000 	C:\WINDOWS\SYSTEM32\dbghelp.dll

VM Arguments:
jvm_args: -Djava.library.path=C:\Users\vladi\eclipse-workspace\VGL\src\vgl\natives -Dfile.encoding=Cp1252 
java_command: test.LayerTesting
java_class_path (initial): C:\Program Files\Java\jre1.8.0_171\lib\resources.jar;C:\Program Files\Java\jre1.8.0_171\lib\rt.jar;C:\Program Files\Java\jre1.8.0_171\lib\jsse.jar;C:\Program Files\Java\jre1.8.0_171\lib\jce.jar;C:\Program Files\Java\jre1.8.0_171\lib\charsets.jar;C:\Program Files\Java\jre1.8.0_171\lib\jfr.jar;C:\Program Files\Java\jre1.8.0_171\lib\ext\access-bridge-64.jar;C:\Program Files\Java\jre1.8.0_171\lib\ext\cldrdata.jar;C:\Program Files\Java\jre1.8.0_171\lib\ext\dnsns.jar;C:\Program Files\Java\jre1.8.0_171\lib\ext\jaccess.jar;C:\Program Files\Java\jre1.8.0_171\lib\ext\jfxrt.jar;C:\Program Files\Java\jre1.8.0_171\lib\ext\localedata.jar;C:\Program Files\Java\jre1.8.0_171\lib\ext\nashorn.jar;C:\Program Files\Java\jre1.8.0_171\lib\ext\sunec.jar;C:\Program Files\Java\jre1.8.0_171\lib\ext\sunjce_provider.jar;C:\Program Files\Java\jre1.8.0_171\lib\ext\sunmscapi.jar;C:\Program Files\Java\jre1.8.0_171\lib\ext\sunpkcs11.jar;C:\Program Files\Java\jre1.8.0_171\lib\ext\zipfs.jar;C:\Users\vladi\eclipse-workspace\VGL\bin;E:\Restored\webgl4j-0.2.9.jar;C:\libs\lwjgl\lwjgl.jar;C:\libs\lwjgl\lwjgl-bgfx.jar;C:\libs\lwjgl\lwjgl-bgfx-natives-windows.jar;C:\libs\lwjgl\lwjgl-glfw.jar;C:\libs\lwjgl\lwjgl-glfw-natives-windows.jar;C:\libs\lwjgl\lwjgl-jawt.jar;C:\libs\lwjgl\lwjgl-jemalloc.jar;C:\libs\lwjgl\lwjgl-jemalloc-natives-windows.jar;C:\libs\lwjgl\lwjgl-natives-windows.jar;C:\libs\lwjgl\lwjgl-openal.jar;C:\libs\lwjgl\lwjgl-openal-natives-windows.jar;C:\libs\lwjgl\lwjgl-opengl.jar;C:\libs\lwjgl\lwjgl-opengles.jar;C:\libs\lwjgl\lwjgl-opengles-natives-windows.jar;C:\libs\lwjgl\lwjgl-opengl-natives-windows.jar;C:\libs\lwjgl\lwjgl-stb.jar;C:\libs\lwjgl\lwjgl-stb-natives-windows.jar;C:\Eclipse\plugins\com.gwtplugins.gwt.eclipse.sdkbundle.gwt28_2.8.0.201710131939\gwt-2.8.1\gwt-user.jar;C:\Eclipse\plugins\com.gwtplugins.gwt.eclipse.sdkbundle.gwt28_2.8.0.201710131939\gwt-2.8.1\gwt-codeserver.jar;C:\Eclipse\plugins\com.gwtplugins.gwt.eclipse.sdkbundle.gwt28_2.8.0.201710131939\gw
Launcher Type: SUN_STANDARD

Environment Variables:
CLASSPATH=C:\Program Files\Java\jdk1.8.0_161\jre\lib
PATH=C:/Program Files/Java/jre1.8.0_171/bin/server;C:/Program Files/Java/jre1.8.0_171/bin;C:/Program Files/Java/jre1.8.0_171/lib/amd64;C:\Program Files (x86)\Common Files\Oracle\Java\javapath;C:\ProgramData\Oracle\Java\javapath;C:\Windows\system32;C:\Windows;C:\Windows\System32\Wbem;C:\Windows\System32\WindowsPowerShell\v1.0\;C:\Program Files (x86)\NVIDIA Corporation\PhysX\Common;C:\WINDOWS\system32;C:\WINDOWS;C:\WINDOWS\System32\Wbem;C:\WINDOWS\System32\WindowsPowerShell\v1.0\;C:\Program Files\Git\cmd;C:\WINDOWS\System32\OpenSSH\;C:\Users\vladi\AppData\Local\Microsoft\WindowsApps;C:\Program Files\Java\jdk1.8.0_161\bin;;C:\Users\vladi\AppData\Local\Programs\Fiddler;%USERPROFILE%\AppData\Local\Microsoft\WindowsApps;C:\Eclipse;
USERNAME=vladi
OS=Windows_NT
PROCESSOR_IDENTIFIER=Intel64 Family 6 Model 69 Stepping 1, GenuineIntel



---------------  S Y S T E M  ---------------

OS: Windows 10.0 , 64 bit Build 17134 (10.0.17134.1)

CPU:total 4 (initial active 4) (2 cores per cpu, 2 threads per core) family 6 model 69 stepping 1, cmov, cx8, fxsr, mmx, sse, sse2, sse3, ssse3, sse4.1, sse4.2, popcnt, avx, avx2, aes, clmul, erms, lzcnt, ht, tsc, tscinvbit, bmi1, bmi2

Memory: 4k page, physical 6185324k(1410392k free), swap 6201708k(695044k free)

vm_info: Java HotSpot(TM) 64-Bit Server VM (25.171-b11) for windows-amd64 JRE (1.8.0_171-b11), built on Mar 28 2018 16:06:12 by "java_re" with MS VC++ 10.0 (VS2010)

time: Sat Jun 30 17:31:34 2018
elapsed time: 1 seconds (0d 0h 0m 1s)

